<?xml version="1.0" encoding="UTF-8"?>
<!-- Generated by org.testng.reporters.JUnitXMLReporter -->
<testsuite hostname="GangaReddy-PC" ignored="0" name="Default test" tests="8" failures="0" timestamp="02 Nov 2018 13:07:01 GMT" time="95.754" errors="0">
  <testcase name="searchResult" time="10.979" classname="com.springersearchtest.SpringerSearch"/>
  <testcase name="searchResult" time="9.383" classname="com.springersearchtest.SpringerSearch"/>
  <testcase name="searchResult" time="9.312" classname="com.springersearchtest.SpringerSearch"/>
  <testcase name="searchResult" time="9.317" classname="com.springersearchtest.SpringerSearch"/>
  <testcase name="searchResult" time="9.598" classname="com.springersearchtest.SpringerSearch"/>
  <testcase name="searchResult" time="9.424" classname="com.springersearchtest.SpringerSearch"/>
  <testcase name="searchResult" time="10.048" classname="com.springersearchtest.SpringerSearch"/>
  <testcase name="searchResult" time="9.771" classname="com.springersearchtest.SpringerSearch"/>
</testsuite> <!-- Default test -->
