<?xml version="1.0" encoding="UTF-8"?>
<!-- Generated by org.testng.reporters.JUnitXMLReporter -->
<testsuite hostname="Mallinath-pc" ignored="0" name="Test1" tests="8" failures="0" timestamp="02 Nov 2018 13:56:28 GMT" time="127.342" errors="0">
  <testcase name="searchResult" time="4.38" classname="com.springersearchtest.SpringerSearch"/>
  <testcase name="searchResult" time="2.782" classname="com.springersearchtest.SpringerSearch"/>
  <testcase name="searchResult" time="4.028" classname="com.springersearchtest.SpringerSearch"/>
  <testcase name="searchResult" time="2.979" classname="com.springersearchtest.SpringerSearch"/>
  <testcase name="searchResult" time="4.453" classname="com.springersearchtest.SpringerSearch"/>
  <testcase name="searchResult" time="4.516" classname="com.springersearchtest.SpringerSearch"/>
  <testcase name="searchResult" time="3.163" classname="com.springersearchtest.SpringerSearch"/>
  <testcase name="searchResult" time="6.445" classname="com.springersearchtest.SpringerSearch"/>
</testsuite> <!-- Test1 -->
